<?xml version="1.0" encoding="utf-8"?><testsuites><testsuite name="pytest" errors="0" failures="0" skipped="0" tests="8" time="1.294" timestamp="2025-10-14T15:46:56.482927+00:00" hostname="ae32d359f3de"><testcase classname="Tests.unit.test_cfdi_generation" name="test_cfdi_xml_minimo" time="0.001" /><testcase classname="Tests.unit.test_idempotencia_pagos" name="test_idempotencia_header" time="0.151" /><testcase classname="Tests.unit.test_instalaciones_fsm" name="test_validacion_evidencias" time="0.108" /><testcase classname="Tests.unit.test_precios_catalogo" name="test_precio_por_zona" time="0.108" /><testcase classname="Tests.unit.test_validaciones_clientes" name="test_rfc_valido" time="0.000" /><testcase classname="Tests.unit.test_validaciones_clientes" name="test_rfc_invalido" time="0.000" /><testcase classname="Tests.unit.test_validaciones_clientes" name="test_telefono_valido" time="0.000" /><testcase classname="Tests.unit.test_validaciones_clientes" name="test_telefono_invalido" time="0.000" /></testsuite></testsuites>