<?xml version="1.0" encoding="utf-8"?><testsuites><testsuite name="pytest" errors="0" failures="0" skipped="0" tests="7" time="1.109" timestamp="2025-10-14T01:17:47.738493+00:00" hostname="1f4cd4e6da28"><testcase classname="Tests.unit.test_cfdi_generation" name="test_cfdi_xml_minimo" time="0.001" /><testcase classname="Tests.unit.test_idempotencia_pagos" name="test_idempotencia_header" time="0.149" /><testcase classname="Tests.unit.test_precios_catalogo" name="test_precio_por_zona" time="0.100" /><testcase classname="Tests.unit.test_validaciones_clientes" name="test_rfc_valido" time="0.000" /><testcase classname="Tests.unit.test_validaciones_clientes" name="test_rfc_invalido" time="0.000" /><testcase classname="Tests.unit.test_validaciones_clientes" name="test_telefono_valido" time="0.000" /><testcase classname="Tests.unit.test_validaciones_clientes" name="test_telefono_invalido" time="0.000" /></testsuite></testsuites>