<?xml version="1.0" encoding="utf-8"?><testsuites><testsuite name="pytest" errors="0" failures="0" skipped="0" tests="6" time="1.634" timestamp="2025-10-13T04:45:23.622955+00:00" hostname="ricardo-Legion-5-15IAH7H"><testcase classname="Tests.integration.test_api_clientes" name="test_crear_y_obtener_cliente" time="0.460" /><testcase classname="Tests.integration.test_catalogo_filters" name="test_planes_por_zona_y_velocidad" time="0.007" /><testcase classname="Tests.integration.test_facturacion_flow" name="test_generar_y_consultar_factura" time="1.034" /><testcase classname="Tests.integration.test_pagos_flow" name="test_procesar_y_obtener_pago" time="0.054" /><testcase classname="Tests.integration.test_rbac_and_whatsapp" name="test_rbac_admin_stats_forbidden_then_ok" time="0.020" /><testcase classname="Tests.integration.test_rbac_and_whatsapp" name="test_whatsapp_webhook_and_template" time="0.010" /></testsuite></testsuites>